<?xml version="1.0" encoding="UTF-8"?>
<!-- Generated by org.testng.reporters.JUnitReportReporter -->
<testsuite hostname="DESKTOP-79L4HIK" failures="0" tests="1" name="amazon.amazon_test" time="25.122" errors="0" timestamp="2024-07-05T20:55:44 SGT" skipped="0">
  <testcase classname="amazon.amazon_test" name="AmazonHome" time="25.122"/>
  <system-out/>
</testsuite> <!-- amazon.amazon_test -->
