<?xml version="1.0" encoding="UTF-8"?>
<!-- Generated by org.testng.reporters.JUnitReportReporter -->
<testsuite hostname="DESKTOP-79L4HIK" failures="0" tests="1" name="amazon.amazon_test" time="18.213" errors="0" timestamp="2024-06-18T23:15:18 SGT" skipped="0">
  <testcase classname="amazon.amazon_test" name="Amazon" time="18.213"/>
  <system-out/>
</testsuite> <!-- amazon.amazon_test -->
